<?xml version="1.0" encoding="UTF-8"?>
<robot generator="Robot 6.0.2 (Python 3.11.3 on win32)" generated="20241016 20:56:18.774" rpa="false" schemaversion="3">
<suite id="s1" name="Main" source="D:\testtt\Main.robot">
<test id="s1-t1" name="Case1ArvicVlidationSettingInformation" line="8">
<kw name="Log To Console" library="BuiltIn">
<arg>11111111111221111111</arg>
<doc>Logs the given message to the console.</doc>
<status status="PASS" starttime="20241016 20:56:18.821" endtime="20241016 20:56:18.821"/>
</kw>
<kw name="Open Browser">
<arg>https://www.google.com</arg>
<arg>Chrome</arg>
<msg timestamp="20241016 20:56:18.821" level="FAIL">No keyword with name 'Open Browser' found.</msg>
<status status="FAIL" starttime="20241016 20:56:18.821" endtime="20241016 20:56:18.821"/>
</kw>
<tag>Regression</tag>
<tag>TESTDbug</tag>
<status status="FAIL" starttime="20241016 20:56:18.821" endtime="20241016 20:56:18.821">No keyword with name 'Open Browser' found.</status>
</test>
<status status="FAIL" starttime="20241016 20:56:18.774" endtime="20241016 20:56:18.821"/>
</suite>
<statistics>
<total>
<stat pass="0" fail="1" skip="0">All Tests</stat>
</total>
<tag>
<stat pass="0" fail="1" skip="0">Regression</stat>
<stat pass="0" fail="1" skip="0">TESTDbug</stat>
</tag>
<suite>
<stat pass="0" fail="1" skip="0" id="s1" name="Main">Main</stat>
</suite>
</statistics>
<errors>
</errors>
</robot>
